# JRE version: 7.0_11-b21
# Java VM: Java HotSpot(TM) 64-Bit Server VM (23.6-b04 mixed mode windows-amd64 compressed oops)
Heap
 PSYoungGen      total 33216K, used 26489K [0x00000000fa000000, 0x00000000fd2c0000, 0x0000000100000000)
  eden space 30080K, 77% used [0x00000000fa000000,0x00000000fb6cf578,0x00000000fbd60000)
  from space 3136K, 99% used [0x00000000fbe30000,0x00000000fc13ef58,0x00000000fc140000)
  to   space 10944K, 0% used [0x00000000fc810000,0x00000000fc810000,0x00000000fd2c0000)
 ParOldGen       total 71552K, used 55741K [0x00000000e8000000, 0x00000000ec5e0000, 0x00000000fa000000)
  object space 71552K, 77% used [0x00000000e8000000,0x00000000eb66f578,0x00000000ec5e0000)
 PSPermGen       total 88704K, used 69629K [0x00000000e0000000, 0x00000000e56a0000, 0x00000000e8000000)
  object space 88704K, 78% used [0x00000000e0000000,0x00000000e43ff628,0x00000000e56a0000)
GC Heap History (10 events):
Event: 14115.093 GC heap before
{Heap before GC invocations=83 (full 2):
 PSYoungGen      total 44736K, used 40985K [0x00000000fa000000, 0x00000000fd8b0000, 0x0000000100000000)
  eden space 34624K, 100% used [0x00000000fa000000,0x00000000fc1d0000,0x00000000fc1d0000)
  from space 10112K, 62% used [0x00000000fced0000,0x00000000fd506698,0x00000000fd8b0000)
  to   space 11712K, 0% used [0x00000000fc1d0000,0x00000000fc1d0000,0x00000000fcd40000)
 ParOldGen       total 71552K, used 51161K [0x00000000e8000000, 0x00000000ec5e0000, 0x00000000fa000000)
  object space 71552K, 71% used [0x00000000e8000000,0x00000000eb1f6498,0x00000000ec5e0000)
 PSPermGen       total 88704K, used 69491K [0x00000000e0000000, 0x00000000e56a0000, 0x00000000e8000000)
  object space 88704K, 78% used [0x00000000e0000000,0x00000000e43dce20,0x00000000e56a0000)
Event: 14115.103 GC heap after
Heap after GC invocations=83 (full 2):
 PSYoungGen      total 36864K, used 3198K [0x00000000fa000000, 0x00000000fd7c0000, 0x0000000100000000)
  eden space 33664K, 0% used [0x00000000fa000000,0x00000000fa000000,0x00000000fc0e0000)
  from space 3200K, 99% used [0x00000000fc1d0000,0x00000000fc4efaf8,0x00000000fc4f0000)
  to   space 11712K, 0% used [0x00000000fcc50000,0x00000000fcc50000,0x00000000fd7c0000)
 ParOldGen       total 71552K, used 54409K [0x00000000e8000000, 0x00000000ec5e0000, 0x00000000fa000000)
  object space 71552K, 76% used [0x00000000e8000000,0x00000000eb5224b8,0x00000000ec5e0000)
 PSPermGen       total 88704K, used 69491K [0x00000000e0000000, 0x00000000e56a0000, 0x00000000e8000000)
  object space 88704K, 78% used [0x00000000e0000000,0x00000000e43dce20,0x00000000e56a0000)
}
Event: 14138.962 GC heap before
{Heap before GC invocations=84 (full 2):
 PSYoungGen      total 36864K, used 36862K [0x00000000fa000000, 0x00000000fd7c0000, 0x0000000100000000)
  eden space 33664K, 100% used [0x00000000fa000000,0x00000000fc0e0000,0x00000000fc0e0000)
  from space 3200K, 99% used [0x00000000fc1d0000,0x00000000fc4efaf8,0x00000000fc4f0000)
  to   space 11712K, 0% used [0x00000000fcc50000,0x00000000fcc50000,0x00000000fd7c0000)
 ParOldGen       total 71552K, used 54409K [0x00000000e8000000, 0x00000000ec5e0000, 0x00000000fa000000)
  object space 71552K, 76% used [0x00000000e8000000,0x00000000eb5224b8,0x00000000ec5e0000)
 PSPermGen       total 88704K, used 69559K [0x00000000e0000000, 0x00000000e56a0000, 0x00000000e8000000)
  object space 88704K, 78% used [0x00000000e0000000,0x00000000e43edd90,0x00000000e56a0000)
Event: 14138.972 GC heap after
Heap after GC invocations=84 (full 2):
 PSYoungGen      total 42944K, used 3934K [0x00000000fa000000, 0x00000000fd650000, 0x0000000100000000)
  eden space 32704K, 0% used [0x00000000fa000000,0x00000000fa000000,0x00000000fbff0000)
  from space 10240K, 38% used [0x00000000fcc50000,0x00000000fd027af8,0x00000000fd650000)
  to   space 11456K, 0% used [0x00000000fbff0000,0x00000000fbff0000,0x00000000fcb20000)
 ParOldGen       total 71552K, used 54833K [0x00000000e8000000, 0x00000000ec5e0000, 0x00000000fa000000)
  object space 71552K, 76% used [0x00000000e8000000,0x00000000eb58c4f8,0x00000000ec5e0000)
 PSPermGen       total 88704K, used 69559K [0x00000000e0000000, 0x00000000e56a0000, 0x00000000e8000000)
  object space 88704K, 78% used [0x00000000e0000000,0x00000000e43edd90,0x00000000e56a0000)
}
Event: 14164.154 GC heap before
{Heap before GC invocations=85 (full 2):
 PSYoungGen      total 42944K, used 36638K [0x00000000fa000000, 0x00000000fd650000, 0x0000000100000000)
  eden space 32704K, 100% used [0x00000000fa000000,0x00000000fbff0000,0x00000000fbff0000)
  from space 10240K, 38% used [0x00000000fcc50000,0x00000000fd027af8,0x00000000fd650000)
  to   space 11456K, 0% used [0x00000000fbff0000,0x00000000fbff0000,0x00000000fcb20000)
 ParOldGen       total 71552K, used 54833K [0x00000000e8000000, 0x00000000ec5e0000, 0x00000000fa000000)
  object space 71552K, 76% used [0x00000000e8000000,0x00000000eb58c4f8,0x00000000ec5e0000)
 PSPermGen       total 88704K, used 69573K [0x00000000e0000000, 0x00000000e56a0000, 0x00000000e8000000)
  object space 88704K, 78% used [0x00000000e0000000,0x00000000e43f1508,0x00000000e56a0000)
Event: 14164.168 GC heap after
Heap after GC invocations=85 (full 2):
 PSYoungGen      total 35392K, used 3546K [0x00000000fa000000, 0x00000000fd510000, 0x0000000100000000)
  eden space 31808K, 0% used [0x00000000fa000000,0x00000000fa000000,0x00000000fbf10000)
  from space 3584K, 98% used [0x00000000fbff0000,0x00000000fc366948,0x00000000fc370000)
  to   space 11264K, 0% used [0x00000000fca10000,0x00000000fca10000,0x00000000fd510000)
 ParOldGen       total 71552K, used 55177K [0x00000000e8000000, 0x00000000ec5e0000, 0x00000000fa000000)
  object space 71552K, 77% used [0x00000000e8000000,0x00000000eb5e2548,0x00000000ec5e0000)
 PSPermGen       total 88704K, used 69573K [0x00000000e0000000, 0x00000000e56a0000, 0x00000000e8000000)
  object space 88704K, 78% used [0x00000000e0000000,0x00000000e43f1508,0x00000000e56a0000)
}
Event: 14217.712 GC heap before
{Heap before GC invocations=86 (full 2):
 PSYoungGen      total 35392K, used 35354K [0x00000000fa000000, 0x00000000fd510000, 0x0000000100000000)
  eden space 31808K, 100% used [0x00000000fa000000,0x00000000fbf10000,0x00000000fbf10000)
  from space 3584K, 98% used [0x00000000fbff0000,0x00000000fc366948,0x00000000fc370000)
  to   space 11264K, 0% used [0x00000000fca10000,0x00000000fca10000,0x00000000fd510000)
 ParOldGen       total 71552K, used 55177K [0x00000000e8000000, 0x00000000ec5e0000, 0x00000000fa000000)
  object space 71552K, 77% used [0x00000000e8000000,0x00000000eb5e2548,0x00000000ec5e0000)
 PSPermGen       total 88704K, used 69582K [0x00000000e0000000, 0x00000000e56a0000, 0x00000000e8000000)
  object space 88704K, 78% used [0x00000000e0000000,0x00000000e43f3960,0x00000000e56a0000)
Event: 14217.719 GC heap after
Heap after GC invocations=86 (full 2):
 PSYoungGen      total 41024K, used 2983K [0x00000000fa000000, 0x00000000fd3f0000, 0x0000000100000000)
  eden space 30912K, 0% used [0x00000000fa000000,0x00000000fa000000,0x00000000fbe30000)
  from space 10112K, 29% used [0x00000000fca10000,0x00000000fccf9eb8,0x00000000fd3f0000)
  to   space 11136K, 0% used [0x00000000fbe30000,0x00000000fbe30000,0x00000000fc910000)
 ParOldGen       total 71552K, used 55425K [0x00000000e8000000, 0x00000000ec5e0000, 0x00000000fa000000)
  object space 71552K, 77% used [0x00000000e8000000,0x00000000eb620568,0x00000000ec5e0000)
 PSPermGen       total 88704K, used 69582K [0x00000000e0000000, 0x00000000e56a0000, 0x00000000e8000000)
  object space 88704K, 78% used [0x00000000e0000000,0x00000000e43f3960,0x00000000e56a0000)
}
Event: 14229.212 GC heap before
{Heap before GC invocations=87 (full 2):
 PSYoungGen      total 41024K, used 33895K [0x00000000fa000000, 0x00000000fd3f0000, 0x0000000100000000)
  eden space 30912K, 100% used [0x00000000fa000000,0x00000000fbe30000,0x00000000fbe30000)
  from space 10112K, 29% used [0x00000000fca10000,0x00000000fccf9eb8,0x00000000fd3f0000)
  to   space 11136K, 0% used [0x00000000fbe30000,0x00000000fbe30000,0x00000000fc910000)
 ParOldGen       total 71552K, used 55425K [0x00000000e8000000, 0x00000000ec5e0000, 0x00000000fa000000)
  object space 71552K, 77% used [0x00000000e8000000,0x00000000eb620568,0x00000000ec5e0000)
 PSPermGen       total 88704K, used 69616K [0x00000000e0000000, 0x00000000e56a0000, 0x00000000e8000000)
  object space 88704K, 78% used [0x00000000e0000000,0x00000000e43fc330,0x00000000e56a0000)
Event: 14229.218 GC heap after
Heap after GC invocations=87 (full 2):
 PSYoungGen      total 33216K, used 3131K [0x00000000fa000000, 0x00000000fd2c0000, 0x0000000100000000)
  eden space 30080K, 0% used [0x00000000fa000000,0x00000000fa000000,0x00000000fbd60000)
  from space 3136K, 99% used [0x00000000fbe30000,0x00000000fc13ef58,0x00000000fc140000)
  to   space 10944K, 0% used [0x00000000fc810000,0x00000000fc810000,0x00000000fd2c0000)
 ParOldGen       total 71552K, used 55741K [0x00000000e8000000, 0x00000000ec5e0000, 0x00000000fa000000)
  object space 71552K, 77% used [0x00000000e8000000,0x00000000eb66f578,0x00000000ec5e0000)
 PSPermGen       total 88704K, used 69616K [0x00000000e0000000, 0x00000000e56a0000, 0x00000000e8000000)
  object space 88704K, 78% used [0x00000000e0000000,0x00000000e43fc330,0x00000000e56a0000)
}

